{
  "C:\\Users\\eelie\\Documents\\Polito_master\\Software_Engineering_2\\HikeTracker\\project\\HikeTracker_04\\client\\src\\components\\BrowserHikeComponents\\Spacer.js": {
    "path": "C:\\Users\\eelie\\Documents\\Polito_master\\Software_Engineering_2\\HikeTracker\\project\\HikeTracker_04\\client\\src\\components\\BrowserHikeComponents\\Spacer.js",
    "statementMap": {
      "0": {
        "start": {
          "line": 4,
          "column": 15
        },
        "end": {
          "line": 8,
          "column": 1
        }
      },
      "1": {
        "start": {
          "line": 5,
          "column": 4
        },
        "end": {
          "line": 7,
          "column": 6
        }
      }
    },
    "fnMap": {
      "0": {
        "name": "(anonymous_0)",
        "decl": {
          "start": {
            "line": 4,
            "column": 15
          },
          "end": {
            "line": 4,
            "column": 16
          }
        },
        "loc": {
          "start": {
            "line": 4,
            "column": 24
          },
          "end": {
            "line": 8,
            "column": 1
          }
        },
        "line": 4
      }
    },
    "branchMap": {},
    "s": {
      "0": 97,
      "1": 8244
    },
    "f": {
      "0": 8244
    },
    "b": {},
    "_coverageSchema": "1a1c01bbd47fc00a2c39e90264f33305004495a9",
    "hash": "b626dabc3deaff98ed71f73534c77140043ba416"
  },
  "C:\\Users\\eelie\\Documents\\Polito_master\\Software_Engineering_2\\HikeTracker\\project\\HikeTracker_04\\client\\src\\components\\AuthenticationContext.js": {
    "path": "C:\\Users\\eelie\\Documents\\Polito_master\\Software_Engineering_2\\HikeTracker\\project\\HikeTracker_04\\client\\src\\components\\AuthenticationContext.js",
    "statementMap": {
      "0": {
        "start": {
          "line": 2,
          "column": 30
        },
        "end": {
          "line": 2,
          "column": 65
        }
      }
    },
    "fnMap": {},
    "branchMap": {},
    "s": {
      "0": 97
    },
    "f": {},
    "b": {},
    "_coverageSchema": "1a1c01bbd47fc00a2c39e90264f33305004495a9",
    "hash": "c6f1c991f903618d14aca640e30d6e25377622a3"
  },
  "C:\\Users\\eelie\\Documents\\Polito_master\\Software_Engineering_2\\HikeTracker\\project\\HikeTracker_04\\client\\src\\components\\BrowserHikeComponents\\DifficultyForm.js": {
    "path": "C:\\Users\\eelie\\Documents\\Polito_master\\Software_Engineering_2\\HikeTracker\\project\\HikeTracker_04\\client\\src\\components\\BrowserHikeComponents\\DifficultyForm.js",
    "statementMap": {
      "0": {
        "start": {
          "line": 6,
          "column": 23
        },
        "end": {
          "line": 41,
          "column": 1
        }
      },
      "1": {
        "start": {
          "line": 10,
          "column": 27
        },
        "end": {
          "line": 10,
          "column": 60
        }
      },
      "2": {
        "start": {
          "line": 12,
          "column": 48
        },
        "end": {
          "line": 12,
          "column": 67
        }
      },
      "3": {
        "start": {
          "line": 15,
          "column": 30
        },
        "end": {
          "line": 24,
          "column": 5
        }
      },
      "4": {
        "start": {
          "line": 16,
          "column": 8
        },
        "end": {
          "line": 20,
          "column": 35
        }
      },
      "5": {
        "start": {
          "line": 17,
          "column": 12
        },
        "end": {
          "line": 17,
          "column": 41
        }
      },
      "6": {
        "start": {
          "line": 18,
          "column": 12
        },
        "end": {
          "line": 18,
          "column": 25
        }
      },
      "7": {
        "start": {
          "line": 20,
          "column": 12
        },
        "end": {
          "line": 20,
          "column": 35
        }
      },
      "8": {
        "start": {
          "line": 21,
          "column": 8
        },
        "end": {
          "line": 22,
          "column": 38
        }
      },
      "9": {
        "start": {
          "line": 22,
          "column": 12
        },
        "end": {
          "line": 22,
          "column": 38
        }
      },
      "10": {
        "start": {
          "line": 23,
          "column": 8
        },
        "end": {
          "line": 23,
          "column": 62
        }
      },
      "11": {
        "start": {
          "line": 23,
          "column": 36
        },
        "end": {
          "line": 23,
          "column": 59
        }
      },
      "12": {
        "start": {
          "line": 27,
          "column": 4
        },
        "end": {
          "line": 40,
          "column": 6
        }
      },
      "13": {
        "start": {
          "line": 34,
          "column": 28
        },
        "end": {
          "line": 34,
          "column": 158
        }
      },
      "14": {
        "start": {
          "line": 34,
          "column": 123
        },
        "end": {
          "line": 34,
          "column": 143
        }
      }
    },
    "fnMap": {
      "0": {
        "name": "(anonymous_0)",
        "decl": {
          "start": {
            "line": 6,
            "column": 23
          },
          "end": {
            "line": 6,
            "column": 24
          }
        },
        "loc": {
          "start": {
            "line": 6,
            "column": 34
          },
          "end": {
            "line": 41,
            "column": 1
          }
        },
        "line": 6
      },
      "1": {
        "name": "(anonymous_1)",
        "decl": {
          "start": {
            "line": 15,
            "column": 30
          },
          "end": {
            "line": 15,
            "column": 31
          }
        },
        "loc": {
          "start": {
            "line": 15,
            "column": 39
          },
          "end": {
            "line": 24,
            "column": 5
          }
        },
        "line": 15
      },
      "2": {
        "name": "(anonymous_2)",
        "decl": {
          "start": {
            "line": 23,
            "column": 28
          },
          "end": {
            "line": 23,
            "column": 29
          }
        },
        "loc": {
          "start": {
            "line": 23,
            "column": 36
          },
          "end": {
            "line": 23,
            "column": 59
          }
        },
        "line": 23
      },
      "3": {
        "name": "(anonymous_3)",
        "decl": {
          "start": {
            "line": 33,
            "column": 44
          },
          "end": {
            "line": 33,
            "column": 45
          }
        },
        "loc": {
          "start": {
            "line": 34,
            "column": 28
          },
          "end": {
            "line": 34,
            "column": 158
          }
        },
        "line": 34
      },
      "4": {
        "name": "(anonymous_4)",
        "decl": {
          "start": {
            "line": 34,
            "column": 114
          },
          "end": {
            "line": 34,
            "column": 115
          }
        },
        "loc": {
          "start": {
            "line": 34,
            "column": 123
          },
          "end": {
            "line": 34,
            "column": 143
          }
        },
        "line": 34
      }
    },
    "branchMap": {
      "0": {
        "loc": {
          "start": {
            "line": 16,
            "column": 8
          },
          "end": {
            "line": 20,
            "column": 35
          }
        },
        "type": "if",
        "locations": [
          {
            "start": {
              "line": 16,
              "column": 8
            },
            "end": {
              "line": 20,
              "column": 35
            }
          },
          {
            "start": {
              "line": 16,
              "column": 8
            },
            "end": {
              "line": 20,
              "column": 35
            }
          }
        ],
        "line": 16
      },
      "1": {
        "loc": {
          "start": {
            "line": 21,
            "column": 8
          },
          "end": {
            "line": 22,
            "column": 38
          }
        },
        "type": "if",
        "locations": [
          {
            "start": {
              "line": 21,
              "column": 8
            },
            "end": {
              "line": 22,
              "column": 38
            }
          },
          {
            "start": {
              "line": 21,
              "column": 8
            },
            "end": {
              "line": 22,
              "column": 38
            }
          }
        ],
        "line": 21
      },
      "2": {
        "loc": {
          "start": {
            "line": 34,
            "column": 52
          },
          "end": {
            "line": 34,
            "column": 87
          }
        },
        "type": "cond-expr",
        "locations": [
          {
            "start": {
              "line": 34,
              "column": 75
            },
            "end": {
              "line": 34,
              "column": 79
            }
          },
          {
            "start": {
              "line": 34,
              "column": 82
            },
            "end": {
              "line": 34,
              "column": 87
            }
          }
        ],
        "line": 34
      }
    },
    "s": {
      "0": 97,
      "1": 964,
      "2": 964,
      "3": 964,
      "4": 7,
      "5": 0,
      "6": 0,
      "7": 7,
      "8": 7,
      "9": 4,
      "10": 7,
      "11": 7,
      "12": 964,
      "13": 2892,
      "14": 7
    },
    "f": {
      "0": 964,
      "1": 7,
      "2": 7,
      "3": 2892,
      "4": 7
    },
    "b": {
      "0": [
        0,
        7
      ],
      "1": [
        4,
        3
      ],
      "2": [
        136,
        2756
      ]
    },
    "_coverageSchema": "1a1c01bbd47fc00a2c39e90264f33305004495a9",
    "hash": "869ac1431f5a679d5d69081fda625d37133eebd0"
  },
  "C:\\Users\\eelie\\Documents\\Polito_master\\Software_Engineering_2\\HikeTracker\\project\\HikeTracker_04\\client\\src\\components\\BrowserHikeComponents\\GeoAreaForm.js": {
    "path": "C:\\Users\\eelie\\Documents\\Polito_master\\Software_Engineering_2\\HikeTracker\\project\\HikeTracker_04\\client\\src\\components\\BrowserHikeComponents\\GeoAreaForm.js",
    "statementMap": {
      "0": {
        "start": {
          "line": 8,
          "column": 20
        },
        "end": {
          "line": 95,
          "column": 1
        }
      },
      "1": {
        "start": {
          "line": 12,
          "column": 24
        },
        "end": {
          "line": 12,
          "column": 176
        }
      },
      "2": {
        "start": {
          "line": 12,
          "column": 123
        },
        "end": {
          "line": 12,
          "column": 174
        }
      },
      "3": {
        "start": {
          "line": 13,
          "column": 40
        },
        "end": {
          "line": 13,
          "column": 105
        }
      },
      "4": {
        "start": {
          "line": 14,
          "column": 36
        },
        "end": {
          "line": 14,
          "column": 101
        }
      },
      "5": {
        "start": {
          "line": 16,
          "column": 54
        },
        "end": {
          "line": 16,
          "column": 69
        }
      },
      "6": {
        "start": {
          "line": 17,
          "column": 52
        },
        "end": {
          "line": 17,
          "column": 67
        }
      },
      "7": {
        "start": {
          "line": 18,
          "column": 44
        },
        "end": {
          "line": 18,
          "column": 194
        }
      },
      "8": {
        "start": {
          "line": 20,
          "column": 25
        },
        "end": {
          "line": 20,
          "column": 33
        }
      },
      "9": {
        "start": {
          "line": 21,
          "column": 23
        },
        "end": {
          "line": 21,
          "column": 31
        }
      },
      "10": {
        "start": {
          "line": 23,
          "column": 28
        },
        "end": {
          "line": 37,
          "column": 5
        }
      },
      "11": {
        "start": {
          "line": 24,
          "column": 8
        },
        "end": {
          "line": 24,
          "column": 28
        }
      },
      "12": {
        "start": {
          "line": 25,
          "column": 19
        },
        "end": {
          "line": 25,
          "column": 34
        }
      },
      "13": {
        "start": {
          "line": 26,
          "column": 8
        },
        "end": {
          "line": 30,
          "column": 11
        }
      },
      "14": {
        "start": {
          "line": 27,
          "column": 109
        },
        "end": {
          "line": 27,
          "column": 125
        }
      },
      "15": {
        "start": {
          "line": 31,
          "column": 8
        },
        "end": {
          "line": 33,
          "column": 40
        }
      },
      "16": {
        "start": {
          "line": 31,
          "column": 29
        },
        "end": {
          "line": 31,
          "column": 57
        }
      },
      "17": {
        "start": {
          "line": 31,
          "column": 58
        },
        "end": {
          "line": 31,
          "column": 85
        }
      },
      "18": {
        "start": {
          "line": 32,
          "column": 13
        },
        "end": {
          "line": 33,
          "column": 40
        }
      },
      "19": {
        "start": {
          "line": 32,
          "column": 60
        },
        "end": {
          "line": 32,
          "column": 87
        }
      },
      "20": {
        "start": {
          "line": 32,
          "column": 88
        },
        "end": {
          "line": 32,
          "column": 114
        }
      },
      "21": {
        "start": {
          "line": 33,
          "column": 13
        },
        "end": {
          "line": 33,
          "column": 40
        }
      },
      "22": {
        "start": {
          "line": 34,
          "column": 8
        },
        "end": {
          "line": 34,
          "column": 179
        }
      },
      "23": {
        "start": {
          "line": 34,
          "column": 124
        },
        "end": {
          "line": 34,
          "column": 175
        }
      },
      "24": {
        "start": {
          "line": 35,
          "column": 8
        },
        "end": {
          "line": 35,
          "column": 44
        }
      },
      "25": {
        "start": {
          "line": 36,
          "column": 8
        },
        "end": {
          "line": 36,
          "column": 42
        }
      },
      "26": {
        "start": {
          "line": 40,
          "column": 27
        },
        "end": {
          "line": 51,
          "column": 5
        }
      },
      "27": {
        "start": {
          "line": 41,
          "column": 8
        },
        "end": {
          "line": 41,
          "column": 28
        }
      },
      "28": {
        "start": {
          "line": 42,
          "column": 19
        },
        "end": {
          "line": 42,
          "column": 34
        }
      },
      "29": {
        "start": {
          "line": 43,
          "column": 8
        },
        "end": {
          "line": 47,
          "column": 11
        }
      },
      "30": {
        "start": {
          "line": 45,
          "column": 139
        },
        "end": {
          "line": 45,
          "column": 155
        }
      },
      "31": {
        "start": {
          "line": 48,
          "column": 8
        },
        "end": {
          "line": 48,
          "column": 79
        }
      },
      "32": {
        "start": {
          "line": 49,
          "column": 8
        },
        "end": {
          "line": 49,
          "column": 208
        }
      },
      "33": {
        "start": {
          "line": 49,
          "column": 154
        },
        "end": {
          "line": 49,
          "column": 204
        }
      },
      "34": {
        "start": {
          "line": 50,
          "column": 8
        },
        "end": {
          "line": 50,
          "column": 42
        }
      },
      "35": {
        "start": {
          "line": 54,
          "column": 20
        },
        "end": {
          "line": 58,
          "column": 5
        }
      },
      "36": {
        "start": {
          "line": 55,
          "column": 8
        },
        "end": {
          "line": 55,
          "column": 28
        }
      },
      "37": {
        "start": {
          "line": 56,
          "column": 18
        },
        "end": {
          "line": 56,
          "column": 33
        }
      },
      "38": {
        "start": {
          "line": 57,
          "column": 8
        },
        "end": {
          "line": 57,
          "column": 107
        }
      },
      "39": {
        "start": {
          "line": 61,
          "column": 25
        },
        "end": {
          "line": 65,
          "column": 5
        }
      },
      "40": {
        "start": {
          "line": 62,
          "column": 8
        },
        "end": {
          "line": 64,
          "column": 9
        }
      },
      "41": {
        "start": {
          "line": 63,
          "column": 12
        },
        "end": {
          "line": 63,
          "column": 69
        }
      },
      "42": {
        "start": {
          "line": 63,
          "column": 37
        },
        "end": {
          "line": 63,
          "column": 66
        }
      },
      "43": {
        "start": {
          "line": 68,
          "column": 4
        },
        "end": {
          "line": 94,
          "column": 6
        }
      },
      "44": {
        "start": {
          "line": 72,
          "column": 107
        },
        "end": {
          "line": 72,
          "column": 129
        }
      },
      "45": {
        "start": {
          "line": 78,
          "column": 150
        },
        "end": {
          "line": 78,
          "column": 171
        }
      },
      "46": {
        "start": {
          "line": 85,
          "column": 149
        },
        "end": {
          "line": 85,
          "column": 163
        }
      }
    },
    "fnMap": {
      "0": {
        "name": "(anonymous_0)",
        "decl": {
          "start": {
            "line": 8,
            "column": 20
          },
          "end": {
            "line": 8,
            "column": 21
          }
        },
        "loc": {
          "start": {
            "line": 8,
            "column": 31
          },
          "end": {
            "line": 95,
            "column": 1
          }
        },
        "line": 8
      },
      "1": {
        "name": "(anonymous_1)",
        "decl": {
          "start": {
            "line": 12,
            "column": 113
          },
          "end": {
            "line": 12,
            "column": 114
          }
        },
        "loc": {
          "start": {
            "line": 12,
            "column": 123
          },
          "end": {
            "line": 12,
            "column": 174
          }
        },
        "line": 12
      },
      "2": {
        "name": "(anonymous_2)",
        "decl": {
          "start": {
            "line": 23,
            "column": 28
          },
          "end": {
            "line": 23,
            "column": 29
          }
        },
        "loc": {
          "start": {
            "line": 23,
            "column": 36
          },
          "end": {
            "line": 37,
            "column": 5
          }
        },
        "line": 23
      },
      "3": {
        "name": "(anonymous_3)",
        "decl": {
          "start": {
            "line": 27,
            "column": 104
          },
          "end": {
            "line": 27,
            "column": 105
          }
        },
        "loc": {
          "start": {
            "line": 27,
            "column": 109
          },
          "end": {
            "line": 27,
            "column": 125
          }
        },
        "line": 27
      },
      "4": {
        "name": "(anonymous_4)",
        "decl": {
          "start": {
            "line": 34,
            "column": 114
          },
          "end": {
            "line": 34,
            "column": 115
          }
        },
        "loc": {
          "start": {
            "line": 34,
            "column": 124
          },
          "end": {
            "line": 34,
            "column": 175
          }
        },
        "line": 34
      },
      "5": {
        "name": "(anonymous_5)",
        "decl": {
          "start": {
            "line": 40,
            "column": 27
          },
          "end": {
            "line": 40,
            "column": 28
          }
        },
        "loc": {
          "start": {
            "line": 40,
            "column": 35
          },
          "end": {
            "line": 51,
            "column": 5
          }
        },
        "line": 40
      },
      "6": {
        "name": "(anonymous_6)",
        "decl": {
          "start": {
            "line": 45,
            "column": 134
          },
          "end": {
            "line": 45,
            "column": 135
          }
        },
        "loc": {
          "start": {
            "line": 45,
            "column": 139
          },
          "end": {
            "line": 45,
            "column": 155
          }
        },
        "line": 45
      },
      "7": {
        "name": "(anonymous_7)",
        "decl": {
          "start": {
            "line": 49,
            "column": 143
          },
          "end": {
            "line": 49,
            "column": 144
          }
        },
        "loc": {
          "start": {
            "line": 49,
            "column": 154
          },
          "end": {
            "line": 49,
            "column": 204
          }
        },
        "line": 49
      },
      "8": {
        "name": "(anonymous_8)",
        "decl": {
          "start": {
            "line": 54,
            "column": 20
          },
          "end": {
            "line": 54,
            "column": 21
          }
        },
        "loc": {
          "start": {
            "line": 54,
            "column": 28
          },
          "end": {
            "line": 58,
            "column": 5
          }
        },
        "line": 54
      },
      "9": {
        "name": "(anonymous_9)",
        "decl": {
          "start": {
            "line": 61,
            "column": 25
          },
          "end": {
            "line": 61,
            "column": 26
          }
        },
        "loc": {
          "start": {
            "line": 61,
            "column": 31
          },
          "end": {
            "line": 65,
            "column": 5
          }
        },
        "line": 61
      },
      "10": {
        "name": "(anonymous_10)",
        "decl": {
          "start": {
            "line": 63,
            "column": 29
          },
          "end": {
            "line": 63,
            "column": 30
          }
        },
        "loc": {
          "start": {
            "line": 63,
            "column": 37
          },
          "end": {
            "line": 63,
            "column": 66
          }
        },
        "line": 63
      },
      "11": {
        "name": "(anonymous_11)",
        "decl": {
          "start": {
            "line": 72,
            "column": 95
          },
          "end": {
            "line": 72,
            "column": 96
          }
        },
        "loc": {
          "start": {
            "line": 72,
            "column": 107
          },
          "end": {
            "line": 72,
            "column": 129
          }
        },
        "line": 72
      },
      "12": {
        "name": "(anonymous_12)",
        "decl": {
          "start": {
            "line": 78,
            "column": 138
          },
          "end": {
            "line": 78,
            "column": 139
          }
        },
        "loc": {
          "start": {
            "line": 78,
            "column": 150
          },
          "end": {
            "line": 78,
            "column": 171
          }
        },
        "line": 78
      },
      "13": {
        "name": "(anonymous_13)",
        "decl": {
          "start": {
            "line": 85,
            "column": 137
          },
          "end": {
            "line": 85,
            "column": 138
          }
        },
        "loc": {
          "start": {
            "line": 85,
            "column": 149
          },
          "end": {
            "line": 85,
            "column": 163
          }
        },
        "line": 85
      }
    },
    "branchMap": {
      "0": {
        "loc": {
          "start": {
            "line": 27,
            "column": 46
          },
          "end": {
            "line": 27,
            "column": 134
          }
        },
        "type": "cond-expr",
        "locations": [
          {
            "start": {
              "line": 27,
              "column": 62
            },
            "end": {
              "line": 27,
              "column": 68
            }
          },
          {
            "start": {
              "line": 27,
              "column": 71
            },
            "end": {
              "line": 27,
              "column": 134
            }
          }
        ],
        "line": 27
      },
      "1": {
        "loc": {
          "start": {
            "line": 31,
            "column": 8
          },
          "end": {
            "line": 33,
            "column": 40
          }
        },
        "type": "if",
        "locations": [
          {
            "start": {
              "line": 31,
              "column": 8
            },
            "end": {
              "line": 33,
              "column": 40
            }
          },
          {
            "start": {
              "line": 31,
              "column": 8
            },
            "end": {
              "line": 33,
              "column": 40
            }
          }
        ],
        "line": 31
      },
      "2": {
        "loc": {
          "start": {
            "line": 32,
            "column": 13
          },
          "end": {
            "line": 33,
            "column": 40
          }
        },
        "type": "if",
        "locations": [
          {
            "start": {
              "line": 32,
              "column": 13
            },
            "end": {
              "line": 33,
              "column": 40
            }
          },
          {
            "start": {
              "line": 32,
              "column": 13
            },
            "end": {
              "line": 33,
              "column": 40
            }
          }
        ],
        "line": 32
      },
      "3": {
        "loc": {
          "start": {
            "line": 45,
            "column": 43
          },
          "end": {
            "line": 45,
            "column": 164
          }
        },
        "type": "cond-expr",
        "locations": [
          {
            "start": {
              "line": 45,
              "column": 59
            },
            "end": {
              "line": 45,
              "column": 65
            }
          },
          {
            "start": {
              "line": 45,
              "column": 68
            },
            "end": {
              "line": 45,
              "column": 164
            }
          }
        ],
        "line": 45
      },
      "4": {
        "loc": {
          "start": {
            "line": 48,
            "column": 8
          },
          "end": {
            "line": 48,
            "column": 78
          }
        },
        "type": "cond-expr",
        "locations": [
          {
            "start": {
              "line": 48,
              "column": 24
            },
            "end": {
              "line": 48,
              "column": 50
            }
          },
          {
            "start": {
              "line": 48,
              "column": 53
            },
            "end": {
              "line": 48,
              "column": 78
            }
          }
        ],
        "line": 48
      },
      "5": {
        "loc": {
          "start": {
            "line": 62,
            "column": 8
          },
          "end": {
            "line": 64,
            "column": 9
          }
        },
        "type": "if",
        "locations": [
          {
            "start": {
              "line": 62,
              "column": 8
            },
            "end": {
              "line": 64,
              "column": 9
            }
          },
          {
            "start": {
              "line": 62,
              "column": 8
            },
            "end": {
              "line": 64,
              "column": 9
            }
          }
        ],
        "line": 62
      },
      "6": {
        "loc": {
          "start": {
            "line": 78,
            "column": 64
          },
          "end": {
            "line": 78,
            "column": 107
          }
        },
        "type": "cond-expr",
        "locations": [
          {
            "start": {
              "line": 78,
              "column": 84
            },
            "end": {
              "line": 78,
              "column": 102
            }
          },
          {
            "start": {
              "line": 78,
              "column": 105
            },
            "end": {
              "line": 78,
              "column": 107
            }
          }
        ],
        "line": 78
      },
      "7": {
        "loc": {
          "start": {
            "line": 78,
            "column": 178
          },
          "end": {
            "line": 78,
            "column": 238
          }
        },
        "type": "cond-expr",
        "locations": [
          {
            "start": {
              "line": 78,
              "column": 198
            },
            "end": {
              "line": 78,
              "column": 217
            }
          },
          {
            "start": {
              "line": 78,
              "column": 220
            },
            "end": {
              "line": 78,
              "column": 238
            }
          }
        ],
        "line": 78
      },
      "8": {
        "loc": {
          "start": {
            "line": 85,
            "column": 66
          },
          "end": {
            "line": 85,
            "column": 108
          }
        },
        "type": "cond-expr",
        "locations": [
          {
            "start": {
              "line": 85,
              "column": 85
            },
            "end": {
              "line": 85,
              "column": 103
            }
          },
          {
            "start": {
              "line": 85,
              "column": 106
            },
            "end": {
              "line": 85,
              "column": 108
            }
          }
        ],
        "line": 85
      },
      "9": {
        "loc": {
          "start": {
            "line": 85,
            "column": 170
          },
          "end": {
            "line": 85,
            "column": 229
          }
        },
        "type": "cond-expr",
        "locations": [
          {
            "start": {
              "line": 85,
              "column": 189
            },
            "end": {
              "line": 85,
              "column": 208
            }
          },
          {
            "start": {
              "line": 85,
              "column": 211
            },
            "end": {
              "line": 85,
              "column": 229
            }
          }
        ],
        "line": 85
      }
    },
    "s": {
      "0": 97,
      "1": 1080,
      "2": 270000,
      "3": 1080,
      "4": 1080,
      "5": 1080,
      "6": 1080,
      "7": 1080,
      "8": 1080,
      "9": 1080,
      "10": 1080,
      "11": 3,
      "12": 3,
      "13": 3,
      "14": 750,
      "15": 3,
      "16": 0,
      "17": 0,
      "18": 3,
      "19": 3,
      "20": 3,
      "21": 0,
      "22": 3,
      "23": 290,
      "24": 3,
      "25": 3,
      "26": 1080,
      "27": 2,
      "28": 2,
      "29": 2,
      "30": 256,
      "31": 2,
      "32": 2,
      "33": 2578,
      "34": 2,
      "35": 1080,
      "36": 2,
      "37": 2,
      "38": 2,
      "39": 1080,
      "40": 3,
      "41": 3,
      "42": 3,
      "43": 1080,
      "44": 3,
      "45": 2,
      "46": 2
    },
    "f": {
      "0": 1080,
      "1": 270000,
      "2": 3,
      "3": 750,
      "4": 290,
      "5": 2,
      "6": 256,
      "7": 2578,
      "8": 2,
      "9": 3,
      "10": 3,
      "11": 3,
      "12": 2,
      "13": 2
    },
    "b": {
      "0": [
        0,
        3
      ],
      "1": [
        0,
        3
      ],
      "2": [
        3,
        0
      ],
      "3": [
        0,
        2
      ],
      "4": [
        0,
        2
      ],
      "5": [
        3,
        0
      ],
      "6": [
        38,
        1042
      ],
      "7": [
        38,
        1042
      ],
      "8": [
        24,
        1056
      ],
      "9": [
        24,
        1056
      ]
    },
    "_coverageSchema": "1a1c01bbd47fc00a2c39e90264f33305004495a9",
    "hash": "53d68d723439e810c2105ed2e1643e2be5e7ab1a"
  },
  "C:\\Users\\eelie\\Documents\\Polito_master\\Software_Engineering_2\\HikeTracker\\project\\HikeTracker_04\\client\\src\\components\\BrowserHikeComponents\\SliderForm.js": {
    "path": "C:\\Users\\eelie\\Documents\\Polito_master\\Software_Engineering_2\\HikeTracker\\project\\HikeTracker_04\\client\\src\\components\\BrowserHikeComponents\\SliderForm.js",
    "statementMap": {
      "0": {
        "start": {
          "line": 8,
          "column": 32
        },
        "end": {
          "line": 8,
          "column": 62
        }
      },
      "1": {
        "start": {
          "line": 9,
          "column": 14
        },
        "end": {
          "line": 9,
          "column": 51
        }
      },
      "2": {
        "start": {
          "line": 11,
          "column": 19
        },
        "end": {
          "line": 95,
          "column": 1
        }
      },
      "3": {
        "start": {
          "line": 15,
          "column": 24
        },
        "end": {
          "line": 15,
          "column": 110
        }
      },
      "4": {
        "start": {
          "line": 16,
          "column": 24
        },
        "end": {
          "line": 16,
          "column": 103
        }
      },
      "5": {
        "start": {
          "line": 17,
          "column": 22
        },
        "end": {
          "line": 17,
          "column": 90
        }
      },
      "6": {
        "start": {
          "line": 19,
          "column": 15
        },
        "end": {
          "line": 19,
          "column": 129
        }
      },
      "7": {
        "start": {
          "line": 21,
          "column": 42
        },
        "end": {
          "line": 21,
          "column": 163
        }
      },
      "8": {
        "start": {
          "line": 23,
          "column": 22
        },
        "end": {
          "line": 23,
          "column": 37
        }
      },
      "9": {
        "start": {
          "line": 25,
          "column": 4
        },
        "end": {
          "line": 33,
          "column": 34
        }
      },
      "10": {
        "start": {
          "line": 26,
          "column": 18
        },
        "end": {
          "line": 26,
          "column": 41
        }
      },
      "11": {
        "start": {
          "line": 27,
          "column": 8
        },
        "end": {
          "line": 32,
          "column": 9
        }
      },
      "12": {
        "start": {
          "line": 28,
          "column": 12
        },
        "end": {
          "line": 28,
          "column": 184
        }
      },
      "13": {
        "start": {
          "line": 31,
          "column": 12
        },
        "end": {
          "line": 31,
          "column": 101
        }
      },
      "14": {
        "start": {
          "line": 36,
          "column": 4
        },
        "end": {
          "line": 43,
          "column": 33
        }
      },
      "15": {
        "start": {
          "line": 37,
          "column": 8
        },
        "end": {
          "line": 42,
          "column": 12
        }
      },
      "16": {
        "start": {
          "line": 37,
          "column": 26
        },
        "end": {
          "line": 42,
          "column": 9
        }
      },
      "17": {
        "start": {
          "line": 46,
          "column": 4
        },
        "end": {
          "line": 94,
          "column": 6
        }
      },
      "18": {
        "start": {
          "line": 60,
          "column": 45
        },
        "end": {
          "line": 60,
          "column": 98
        }
      },
      "19": {
        "start": {
          "line": 60,
          "column": 68
        },
        "end": {
          "line": 60,
          "column": 96
        }
      },
      "20": {
        "start": {
          "line": 74,
          "column": 45
        },
        "end": {
          "line": 74,
          "column": 98
        }
      },
      "21": {
        "start": {
          "line": 74,
          "column": 68
        },
        "end": {
          "line": 74,
          "column": 96
        }
      },
      "22": {
        "start": {
          "line": 88,
          "column": 45
        },
        "end": {
          "line": 88,
          "column": 96
        }
      },
      "23": {
        "start": {
          "line": 88,
          "column": 68
        },
        "end": {
          "line": 88,
          "column": 94
        }
      }
    },
    "fnMap": {
      "0": {
        "name": "(anonymous_0)",
        "decl": {
          "start": {
            "line": 11,
            "column": 19
          },
          "end": {
            "line": 11,
            "column": 20
          }
        },
        "loc": {
          "start": {
            "line": 11,
            "column": 30
          },
          "end": {
            "line": 95,
            "column": 1
          }
        },
        "line": 11
      },
      "1": {
        "name": "(anonymous_1)",
        "decl": {
          "start": {
            "line": 25,
            "column": 14
          },
          "end": {
            "line": 25,
            "column": 15
          }
        },
        "loc": {
          "start": {
            "line": 25,
            "column": 20
          },
          "end": {
            "line": 33,
            "column": 5
          }
        },
        "line": 25
      },
      "2": {
        "name": "(anonymous_2)",
        "decl": {
          "start": {
            "line": 36,
            "column": 14
          },
          "end": {
            "line": 36,
            "column": 15
          }
        },
        "loc": {
          "start": {
            "line": 36,
            "column": 20
          },
          "end": {
            "line": 43,
            "column": 5
          }
        },
        "line": 36
      },
      "3": {
        "name": "(anonymous_3)",
        "decl": {
          "start": {
            "line": 37,
            "column": 18
          },
          "end": {
            "line": 37,
            "column": 19
          }
        },
        "loc": {
          "start": {
            "line": 37,
            "column": 26
          },
          "end": {
            "line": 42,
            "column": 9
          }
        },
        "line": 37
      },
      "4": {
        "name": "(anonymous_4)",
        "decl": {
          "start": {
            "line": 60,
            "column": 34
          },
          "end": {
            "line": 60,
            "column": 35
          }
        },
        "loc": {
          "start": {
            "line": 60,
            "column": 45
          },
          "end": {
            "line": 60,
            "column": 98
          }
        },
        "line": 60
      },
      "5": {
        "name": "(anonymous_5)",
        "decl": {
          "start": {
            "line": 60,
            "column": 60
          },
          "end": {
            "line": 60,
            "column": 61
          }
        },
        "loc": {
          "start": {
            "line": 60,
            "column": 68
          },
          "end": {
            "line": 60,
            "column": 96
          }
        },
        "line": 60
      },
      "6": {
        "name": "(anonymous_6)",
        "decl": {
          "start": {
            "line": 74,
            "column": 34
          },
          "end": {
            "line": 74,
            "column": 35
          }
        },
        "loc": {
          "start": {
            "line": 74,
            "column": 45
          },
          "end": {
            "line": 74,
            "column": 98
          }
        },
        "line": 74
      },
      "7": {
        "name": "(anonymous_7)",
        "decl": {
          "start": {
            "line": 74,
            "column": 60
          },
          "end": {
            "line": 74,
            "column": 61
          }
        },
        "loc": {
          "start": {
            "line": 74,
            "column": 68
          },
          "end": {
            "line": 74,
            "column": 96
          }
        },
        "line": 74
      },
      "8": {
        "name": "(anonymous_8)",
        "decl": {
          "start": {
            "line": 88,
            "column": 34
          },
          "end": {
            "line": 88,
            "column": 35
          }
        },
        "loc": {
          "start": {
            "line": 88,
            "column": 45
          },
          "end": {
            "line": 88,
            "column": 96
          }
        },
        "line": 88
      },
      "9": {
        "name": "(anonymous_9)",
        "decl": {
          "start": {
            "line": 88,
            "column": 60
          },
          "end": {
            "line": 88,
            "column": 61
          }
        },
        "loc": {
          "start": {
            "line": 88,
            "column": 68
          },
          "end": {
            "line": 88,
            "column": 94
          }
        },
        "line": 88
      }
    },
    "branchMap": {
      "0": {
        "loc": {
          "start": {
            "line": 27,
            "column": 8
          },
          "end": {
            "line": 32,
            "column": 9
          }
        },
        "type": "if",
        "locations": [
          {
            "start": {
              "line": 27,
              "column": 8
            },
            "end": {
              "line": 32,
              "column": 9
            }
          },
          {
            "start": {
              "line": 27,
              "column": 8
            },
            "end": {
              "line": 32,
              "column": 9
            }
          }
        ],
        "line": 27
      },
      "1": {
        "loc": {
          "start": {
            "line": 39,
            "column": 65
          },
          "end": {
            "line": 39,
            "column": 151
          }
        },
        "type": "cond-expr",
        "locations": [
          {
            "start": {
              "line": 39,
              "column": 106
            },
            "end": {
              "line": 39,
              "column": 122
            }
          },
          {
            "start": {
              "line": 39,
              "column": 125
            },
            "end": {
              "line": 39,
              "column": 151
            }
          }
        ],
        "line": 39
      },
      "2": {
        "loc": {
          "start": {
            "line": 40,
            "column": 65
          },
          "end": {
            "line": 40,
            "column": 150
          }
        },
        "type": "cond-expr",
        "locations": [
          {
            "start": {
              "line": 40,
              "column": 105
            },
            "end": {
              "line": 40,
              "column": 121
            }
          },
          {
            "start": {
              "line": 40,
              "column": 124
            },
            "end": {
              "line": 40,
              "column": 150
            }
          }
        ],
        "line": 40
      },
      "3": {
        "loc": {
          "start": {
            "line": 41,
            "column": 64
          },
          "end": {
            "line": 41,
            "column": 144
          }
        },
        "type": "cond-expr",
        "locations": [
          {
            "start": {
              "line": 41,
              "column": 101
            },
            "end": {
              "line": 41,
              "column": 117
            }
          },
          {
            "start": {
              "line": 41,
              "column": 120
            },
            "end": {
              "line": 41,
              "column": 144
            }
          }
        ],
        "line": 41
      }
    },
    "s": {
      "0": 97,
      "1": 97,
      "2": 97,
      "3": 1021,
      "4": 1021,
      "5": 1021,
      "6": 1021,
      "7": 1021,
      "8": 1014,
      "9": 1014,
      "10": 179,
      "11": 179,
      "12": 1,
      "13": 178,
      "14": 1014,
      "15": 292,
      "16": 468,
      "17": 1014,
      "18": 8,
      "19": 8,
      "20": 8,
      "21": 8,
      "22": 8,
      "23": 8
    },
    "f": {
      "0": 1021,
      "1": 179,
      "2": 292,
      "3": 468,
      "4": 8,
      "5": 8,
      "6": 8,
      "7": 8,
      "8": 8,
      "9": 8
    },
    "b": {
      "0": [
        1,
        178
      ],
      "1": [
        455,
        13
      ],
      "2": [
        459,
        9
      ],
      "3": [
        463,
        5
      ]
    },
    "_coverageSchema": "1a1c01bbd47fc00a2c39e90264f33305004495a9",
    "hash": "b9e84655121d86c08552ae9c040665cdc62b7bcc"
  },
  "C:\\Users\\eelie\\Documents\\Polito_master\\Software_Engineering_2\\HikeTracker\\project\\HikeTracker_04\\client\\src\\API.js": {
    "path": "C:\\Users\\eelie\\Documents\\Polito_master\\Software_Engineering_2\\HikeTracker\\project\\HikeTracker_04\\client\\src\\API.js",
    "statementMap": {
      "0": {
        "start": {
          "line": 2,
          "column": 17
        },
        "end": {
          "line": 2,
          "column": 40
        }
      },
      "1": {
        "start": {
          "line": 3,
          "column": 18
        },
        "end": {
          "line": 3,
          "column": 47
        }
      },
      "2": {
        "start": {
          "line": 4,
          "column": 17
        },
        "end": {
          "line": 4,
          "column": 41
        }
      },
      "3": {
        "start": {
          "line": 5,
          "column": 14
        },
        "end": {
          "line": 5,
          "column": 30
        }
      },
      "4": {
        "start": {
          "line": 6,
          "column": 48
        },
        "end": {
          "line": 6,
          "column": 77
        }
      },
      "5": {
        "start": {
          "line": 12,
          "column": 23
        },
        "end": {
          "line": 20,
          "column": 1
        }
      },
      "6": {
        "start": {
          "line": 23,
          "column": 12
        },
        "end": {
          "line": 23,
          "column": 50
        }
      },
      "7": {
        "start": {
          "line": 26,
          "column": 11
        },
        "end": {
          "line": 26,
          "column": 38
        }
      },
      "8": {
        "start": {
          "line": 28,
          "column": 15
        },
        "end": {
          "line": 36,
          "column": 1
        }
      },
      "9": {
        "start": {
          "line": 29,
          "column": 17
        },
        "end": {
          "line": 29,
          "column": 35
        }
      },
      "10": {
        "start": {
          "line": 30,
          "column": 4
        },
        "end": {
          "line": 30,
          "column": 78
        }
      },
      "11": {
        "start": {
          "line": 31,
          "column": 4
        },
        "end": {
          "line": 33,
          "column": 7
        }
      },
      "12": {
        "start": {
          "line": 34,
          "column": 4
        },
        "end": {
          "line": 34,
          "column": 34
        }
      },
      "13": {
        "start": {
          "line": 35,
          "column": 4
        },
        "end": {
          "line": 35,
          "column": 38
        }
      },
      "14": {
        "start": {
          "line": 38,
          "column": 14
        },
        "end": {
          "line": 49,
          "column": 1
        }
      },
      "15": {
        "start": {
          "line": 39,
          "column": 17
        },
        "end": {
          "line": 39,
          "column": 35
        }
      },
      "16": {
        "start": {
          "line": 40,
          "column": 27
        },
        "end": {
          "line": 40,
          "column": 91
        }
      },
      "17": {
        "start": {
          "line": 41,
          "column": 26
        },
        "end": {
          "line": 41,
          "column": 59
        }
      },
      "18": {
        "start": {
          "line": 42,
          "column": 4
        },
        "end": {
          "line": 48,
          "column": 5
        }
      },
      "19": {
        "start": {
          "line": 43,
          "column": 8
        },
        "end": {
          "line": 43,
          "column": 36
        }
      },
      "20": {
        "start": {
          "line": 45,
          "column": 8
        },
        "end": {
          "line": 45,
          "column": 32
        }
      },
      "21": {
        "start": {
          "line": 46,
          "column": 8
        },
        "end": {
          "line": 46,
          "column": 17
        }
      },
      "22": {
        "start": {
          "line": 47,
          "column": 8
        },
        "end": {
          "line": 47,
          "column": 51
        }
      },
      "23": {
        "start": {
          "line": 51,
          "column": 15
        },
        "end": {
          "line": 54,
          "column": 1
        }
      },
      "24": {
        "start": {
          "line": 52,
          "column": 17
        },
        "end": {
          "line": 52,
          "column": 35
        }
      },
      "25": {
        "start": {
          "line": 53,
          "column": 4
        },
        "end": {
          "line": 53,
          "column": 32
        }
      },
      "26": {
        "start": {
          "line": 56,
          "column": 30
        },
        "end": {
          "line": 59,
          "column": 1
        }
      },
      "27": {
        "start": {
          "line": 57,
          "column": 17
        },
        "end": {
          "line": 57,
          "column": 35
        }
      },
      "28": {
        "start": {
          "line": 58,
          "column": 4
        },
        "end": {
          "line": 58,
          "column": 58
        }
      },
      "29": {
        "start": {
          "line": 61,
          "column": 23
        },
        "end": {
          "line": 77,
          "column": 1
        }
      },
      "30": {
        "start": {
          "line": 63,
          "column": 16
        },
        "end": {
          "line": 74,
          "column": 5
        }
      },
      "31": {
        "start": {
          "line": 75,
          "column": 4
        },
        "end": {
          "line": 75,
          "column": 72
        }
      },
      "32": {
        "start": {
          "line": 76,
          "column": 4
        },
        "end": {
          "line": 76,
          "column": 16
        }
      },
      "33": {
        "start": {
          "line": 79,
          "column": 16
        },
        "end": {
          "line": 88,
          "column": 1
        }
      },
      "34": {
        "start": {
          "line": 80,
          "column": 19
        },
        "end": {
          "line": 80,
          "column": 52
        }
      },
      "35": {
        "start": {
          "line": 81,
          "column": 20
        },
        "end": {
          "line": 81,
          "column": 50
        }
      },
      "36": {
        "start": {
          "line": 83,
          "column": 4
        },
        "end": {
          "line": 87,
          "column": 5
        }
      },
      "37": {
        "start": {
          "line": 84,
          "column": 8
        },
        "end": {
          "line": 84,
          "column": 30
        }
      },
      "38": {
        "start": {
          "line": 86,
          "column": 8
        },
        "end": {
          "line": 86,
          "column": 46
        }
      },
      "39": {
        "start": {
          "line": 93,
          "column": 19
        },
        "end": {
          "line": 99,
          "column": 1
        }
      },
      "40": {
        "start": {
          "line": 94,
          "column": 20
        },
        "end": {
          "line": 97,
          "column": 5
        }
      },
      "41": {
        "start": {
          "line": 98,
          "column": 4
        },
        "end": {
          "line": 98,
          "column": 68
        }
      },
      "42": {
        "start": {
          "line": 101,
          "column": 27
        },
        "end": {
          "line": 148,
          "column": 1
        }
      },
      "43": {
        "start": {
          "line": 102,
          "column": 21
        },
        "end": {
          "line": 102,
          "column": 53
        }
      },
      "44": {
        "start": {
          "line": 103,
          "column": 12
        },
        "end": {
          "line": 103,
          "column": 74
        }
      },
      "45": {
        "start": {
          "line": 104,
          "column": 24
        },
        "end": {
          "line": 104,
          "column": 50
        }
      },
      "46": {
        "start": {
          "line": 105,
          "column": 4
        },
        "end": {
          "line": 107,
          "column": 7
        }
      },
      "47": {
        "start": {
          "line": 106,
          "column": 8
        },
        "end": {
          "line": 106,
          "column": 37
        }
      },
      "48": {
        "start": {
          "line": 108,
          "column": 4
        },
        "end": {
          "line": 108,
          "column": 72
        }
      },
      "49": {
        "start": {
          "line": 109,
          "column": 4
        },
        "end": {
          "line": 109,
          "column": 47
        }
      },
      "50": {
        "start": {
          "line": 110,
          "column": 4
        },
        "end": {
          "line": 112,
          "column": 7
        }
      },
      "51": {
        "start": {
          "line": 111,
          "column": 8
        },
        "end": {
          "line": 111,
          "column": 37
        }
      },
      "52": {
        "start": {
          "line": 113,
          "column": 4
        },
        "end": {
          "line": 113,
          "column": 71
        }
      },
      "53": {
        "start": {
          "line": 114,
          "column": 4
        },
        "end": {
          "line": 114,
          "column": 47
        }
      },
      "54": {
        "start": {
          "line": 115,
          "column": 4
        },
        "end": {
          "line": 117,
          "column": 7
        }
      },
      "55": {
        "start": {
          "line": 116,
          "column": 8
        },
        "end": {
          "line": 116,
          "column": 37
        }
      },
      "56": {
        "start": {
          "line": 118,
          "column": 4
        },
        "end": {
          "line": 118,
          "column": 69
        }
      },
      "57": {
        "start": {
          "line": 119,
          "column": 4
        },
        "end": {
          "line": 119,
          "column": 47
        }
      },
      "58": {
        "start": {
          "line": 120,
          "column": 4
        },
        "end": {
          "line": 122,
          "column": 7
        }
      },
      "59": {
        "start": {
          "line": 121,
          "column": 8
        },
        "end": {
          "line": 121,
          "column": 37
        }
      },
      "60": {
        "start": {
          "line": 123,
          "column": 4
        },
        "end": {
          "line": 123,
          "column": 76
        }
      },
      "61": {
        "start": {
          "line": 124,
          "column": 4
        },
        "end": {
          "line": 124,
          "column": 47
        }
      },
      "62": {
        "start": {
          "line": 125,
          "column": 4
        },
        "end": {
          "line": 127,
          "column": 7
        }
      },
      "63": {
        "start": {
          "line": 126,
          "column": 8
        },
        "end": {
          "line": 126,
          "column": 37
        }
      },
      "64": {
        "start": {
          "line": 128,
          "column": 4
        },
        "end": {
          "line": 128,
          "column": 75
        }
      },
      "65": {
        "start": {
          "line": 129,
          "column": 4
        },
        "end": {
          "line": 129,
          "column": 47
        }
      },
      "66": {
        "start": {
          "line": 130,
          "column": 4
        },
        "end": {
          "line": 132,
          "column": 7
        }
      },
      "67": {
        "start": {
          "line": 131,
          "column": 8
        },
        "end": {
          "line": 131,
          "column": 37
        }
      },
      "68": {
        "start": {
          "line": 133,
          "column": 4
        },
        "end": {
          "line": 133,
          "column": 77
        }
      },
      "69": {
        "start": {
          "line": 134,
          "column": 4
        },
        "end": {
          "line": 134,
          "column": 47
        }
      },
      "70": {
        "start": {
          "line": 135,
          "column": 4
        },
        "end": {
          "line": 137,
          "column": 7
        }
      },
      "71": {
        "start": {
          "line": 136,
          "column": 8
        },
        "end": {
          "line": 136,
          "column": 37
        }
      },
      "72": {
        "start": {
          "line": 138,
          "column": 4
        },
        "end": {
          "line": 138,
          "column": 71
        }
      },
      "73": {
        "start": {
          "line": 139,
          "column": 4
        },
        "end": {
          "line": 139,
          "column": 47
        }
      },
      "74": {
        "start": {
          "line": 140,
          "column": 4
        },
        "end": {
          "line": 142,
          "column": 7
        }
      },
      "75": {
        "start": {
          "line": 141,
          "column": 8
        },
        "end": {
          "line": 141,
          "column": 37
        }
      },
      "76": {
        "start": {
          "line": 143,
          "column": 4
        },
        "end": {
          "line": 143,
          "column": 70
        }
      },
      "77": {
        "start": {
          "line": 144,
          "column": 4
        },
        "end": {
          "line": 144,
          "column": 47
        }
      },
      "78": {
        "start": {
          "line": 145,
          "column": 4
        },
        "end": {
          "line": 147,
          "column": 7
        }
      },
      "79": {
        "start": {
          "line": 146,
          "column": 8
        },
        "end": {
          "line": 146,
          "column": 37
        }
      },
      "80": {
        "start": {
          "line": 150,
          "column": 20
        },
        "end": {
          "line": 158,
          "column": 1
        }
      },
      "81": {
        "start": {
          "line": 151,
          "column": 21
        },
        "end": {
          "line": 151,
          "column": 53
        }
      },
      "82": {
        "start": {
          "line": 152,
          "column": 16
        },
        "end": {
          "line": 152,
          "column": 25
        }
      },
      "83": {
        "start": {
          "line": 153,
          "column": 26
        },
        "end": {
          "line": 153,
          "column": 59
        }
      },
      "84": {
        "start": {
          "line": 154,
          "column": 4
        },
        "end": {
          "line": 156,
          "column": 7
        }
      },
      "85": {
        "start": {
          "line": 155,
          "column": 8
        },
        "end": {
          "line": 155,
          "column": 36
        }
      },
      "86": {
        "start": {
          "line": 157,
          "column": 4
        },
        "end": {
          "line": 157,
          "column": 27
        }
      },
      "87": {
        "start": {
          "line": 160,
          "column": 19
        },
        "end": {
          "line": 169,
          "column": 1
        }
      },
      "88": {
        "start": {
          "line": 161,
          "column": 21
        },
        "end": {
          "line": 161,
          "column": 53
        }
      },
      "89": {
        "start": {
          "line": 162,
          "column": 16
        },
        "end": {
          "line": 162,
          "column": 25
        }
      },
      "90": {
        "start": {
          "line": 163,
          "column": 14
        },
        "end": {
          "line": 163,
          "column": 82
        }
      },
      "91": {
        "start": {
          "line": 164,
          "column": 26
        },
        "end": {
          "line": 164,
          "column": 52
        }
      },
      "92": {
        "start": {
          "line": 165,
          "column": 4
        },
        "end": {
          "line": 167,
          "column": 7
        }
      },
      "93": {
        "start": {
          "line": 166,
          "column": 8
        },
        "end": {
          "line": 166,
          "column": 35
        }
      },
      "94": {
        "start": {
          "line": 168,
          "column": 4
        },
        "end": {
          "line": 168,
          "column": 27
        }
      },
      "95": {
        "start": {
          "line": 171,
          "column": 17
        },
        "end": {
          "line": 180,
          "column": 1
        }
      },
      "96": {
        "start": {
          "line": 172,
          "column": 21
        },
        "end": {
          "line": 172,
          "column": 53
        }
      },
      "97": {
        "start": {
          "line": 173,
          "column": 16
        },
        "end": {
          "line": 173,
          "column": 25
        }
      },
      "98": {
        "start": {
          "line": 174,
          "column": 14
        },
        "end": {
          "line": 174,
          "column": 123
        }
      },
      "99": {
        "start": {
          "line": 175,
          "column": 26
        },
        "end": {
          "line": 175,
          "column": 52
        }
      },
      "100": {
        "start": {
          "line": 176,
          "column": 4
        },
        "end": {
          "line": 178,
          "column": 7
        }
      },
      "101": {
        "start": {
          "line": 177,
          "column": 8
        },
        "end": {
          "line": 177,
          "column": 33
        }
      },
      "102": {
        "start": {
          "line": 179,
          "column": 4
        },
        "end": {
          "line": 179,
          "column": 27
        }
      },
      "103": {
        "start": {
          "line": 184,
          "column": 4
        },
        "end": {
          "line": 199,
          "column": 5
        }
      },
      "104": {
        "start": {
          "line": 185,
          "column": 8
        },
        "end": {
          "line": 185,
          "column": 17
        }
      },
      "105": {
        "start": {
          "line": 188,
          "column": 18
        },
        "end": {
          "line": 188,
          "column": 24
        }
      },
      "106": {
        "start": {
          "line": 189,
          "column": 19
        },
        "end": {
          "line": 189,
          "column": 39
        }
      },
      "107": {
        "start": {
          "line": 190,
          "column": 19
        },
        "end": {
          "line": 190,
          "column": 39
        }
      },
      "108": {
        "start": {
          "line": 191,
          "column": 23
        },
        "end": {
          "line": 191,
          "column": 30
        }
      },
      "109": {
        "start": {
          "line": 192,
          "column": 25
        },
        "end": {
          "line": 192,
          "column": 36
        }
      },
      "110": {
        "start": {
          "line": 193,
          "column": 28
        },
        "end": {
          "line": 193,
          "column": 54
        }
      },
      "111": {
        "start": {
          "line": 194,
          "column": 18
        },
        "end": {
          "line": 196,
          "column": 65
        }
      },
      "112": {
        "start": {
          "line": 197,
          "column": 18
        },
        "end": {
          "line": 197,
          "column": 68
        }
      },
      "113": {
        "start": {
          "line": 198,
          "column": 8
        },
        "end": {
          "line": 198,
          "column": 17
        }
      },
      "114": {
        "start": {
          "line": 202,
          "column": 21
        },
        "end": {
          "line": 227,
          "column": 1
        }
      },
      "115": {
        "start": {
          "line": 203,
          "column": 15
        },
        "end": {
          "line": 203,
          "column": 16
        }
      },
      "116": {
        "start": {
          "line": 204,
          "column": 16
        },
        "end": {
          "line": 204,
          "column": 18
        }
      },
      "117": {
        "start": {
          "line": 205,
          "column": 17
        },
        "end": {
          "line": 205,
          "column": 19
        }
      },
      "118": {
        "start": {
          "line": 206,
          "column": 4
        },
        "end": {
          "line": 210,
          "column": 5
        }
      },
      "119": {
        "start": {
          "line": 207,
          "column": 8
        },
        "end": {
          "line": 207,
          "column": 30
        }
      },
      "120": {
        "start": {
          "line": 208,
          "column": 8
        },
        "end": {
          "line": 208,
          "column": 37
        }
      },
      "121": {
        "start": {
          "line": 209,
          "column": 8
        },
        "end": {
          "line": 209,
          "column": 15
        }
      },
      "122": {
        "start": {
          "line": 211,
          "column": 4
        },
        "end": {
          "line": 215,
          "column": 5
        }
      },
      "123": {
        "start": {
          "line": 212,
          "column": 8
        },
        "end": {
          "line": 212,
          "column": 29
        }
      },
      "124": {
        "start": {
          "line": 213,
          "column": 8
        },
        "end": {
          "line": 213,
          "column": 36
        }
      },
      "125": {
        "start": {
          "line": 214,
          "column": 8
        },
        "end": {
          "line": 214,
          "column": 15
        }
      },
      "126": {
        "start": {
          "line": 216,
          "column": 4
        },
        "end": {
          "line": 220,
          "column": 5
        }
      },
      "127": {
        "start": {
          "line": 217,
          "column": 8
        },
        "end": {
          "line": 217,
          "column": 27
        }
      },
      "128": {
        "start": {
          "line": 218,
          "column": 8
        },
        "end": {
          "line": 218,
          "column": 34
        }
      },
      "129": {
        "start": {
          "line": 219,
          "column": 8
        },
        "end": {
          "line": 219,
          "column": 15
        }
      },
      "130": {
        "start": {
          "line": 221,
          "column": 4
        },
        "end": {
          "line": 225,
          "column": 5
        }
      },
      "131": {
        "start": {
          "line": 222,
          "column": 8
        },
        "end": {
          "line": 222,
          "column": 33
        }
      },
      "132": {
        "start": {
          "line": 223,
          "column": 8
        },
        "end": {
          "line": 223,
          "column": 40
        }
      },
      "133": {
        "start": {
          "line": 224,
          "column": 8
        },
        "end": {
          "line": 224,
          "column": 15
        }
      },
      "134": {
        "start": {
          "line": 226,
          "column": 4
        },
        "end": {
          "line": 226,
          "column": 32
        }
      },
      "135": {
        "start": {
          "line": 229,
          "column": 18
        },
        "end": {
          "line": 304,
          "column": 1
        }
      },
      "136": {
        "start": {
          "line": 230,
          "column": 21
        },
        "end": {
          "line": 230,
          "column": 57
        }
      },
      "137": {
        "start": {
          "line": 231,
          "column": 12
        },
        "end": {
          "line": 231,
          "column": 37
        }
      },
      "138": {
        "start": {
          "line": 232,
          "column": 15
        },
        "end": {
          "line": 232,
          "column": 16
        }
      },
      "139": {
        "start": {
          "line": 233,
          "column": 16
        },
        "end": {
          "line": 233,
          "column": 18
        }
      },
      "140": {
        "start": {
          "line": 234,
          "column": 17
        },
        "end": {
          "line": 234,
          "column": 19
        }
      },
      "141": {
        "start": {
          "line": 235,
          "column": 14
        },
        "end": {
          "line": 235,
          "column": 16
        }
      },
      "142": {
        "start": {
          "line": 236,
          "column": 4
        },
        "end": {
          "line": 236,
          "column": 49
        }
      },
      "143": {
        "start": {
          "line": 237,
          "column": 4
        },
        "end": {
          "line": 237,
          "column": 22
        }
      },
      "144": {
        "start": {
          "line": 238,
          "column": 4
        },
        "end": {
          "line": 238,
          "column": 23
        }
      },
      "145": {
        "start": {
          "line": 239,
          "column": 4
        },
        "end": {
          "line": 239,
          "column": 21
        }
      },
      "146": {
        "start": {
          "line": 240,
          "column": 4
        },
        "end": {
          "line": 255,
          "column": 5
        }
      },
      "147": {
        "start": {
          "line": 242,
          "column": 12
        },
        "end": {
          "line": 242,
          "column": 86
        }
      },
      "148": {
        "start": {
          "line": 243,
          "column": 12
        },
        "end": {
          "line": 243,
          "column": 18
        }
      },
      "149": {
        "start": {
          "line": 245,
          "column": 12
        },
        "end": {
          "line": 245,
          "column": 130
        }
      },
      "150": {
        "start": {
          "line": 246,
          "column": 12
        },
        "end": {
          "line": 246,
          "column": 18
        }
      },
      "151": {
        "start": {
          "line": 248,
          "column": 12
        },
        "end": {
          "line": 248,
          "column": 174
        }
      },
      "152": {
        "start": {
          "line": 249,
          "column": 12
        },
        "end": {
          "line": 249,
          "column": 18
        }
      },
      "153": {
        "start": {
          "line": 251,
          "column": 12
        },
        "end": {
          "line": 251,
          "column": 218
        }
      },
      "154": {
        "start": {
          "line": 252,
          "column": 12
        },
        "end": {
          "line": 252,
          "column": 18
        }
      },
      "155": {
        "start": {
          "line": 254,
          "column": 12
        },
        "end": {
          "line": 254,
          "column": 18
        }
      },
      "156": {
        "start": {
          "line": 256,
          "column": 26
        },
        "end": {
          "line": 256,
          "column": 52
        }
      },
      "157": {
        "start": {
          "line": 257,
          "column": 4
        },
        "end": {
          "line": 302,
          "column": 7
        }
      },
      "158": {
        "start": {
          "line": 258,
          "column": 8
        },
        "end": {
          "line": 301,
          "column": 9
        }
      },
      "159": {
        "start": {
          "line": 259,
          "column": 12
        },
        "end": {
          "line": 300,
          "column": 13
        }
      },
      "160": {
        "start": {
          "line": 260,
          "column": 29
        },
        "end": {
          "line": 260,
          "column": 174
        }
      },
      "161": {
        "start": {
          "line": 261,
          "column": 16
        },
        "end": {
          "line": 280,
          "column": 17
        }
      },
      "162": {
        "start": {
          "line": 262,
          "column": 33
        },
        "end": {
          "line": 278,
          "column": 21
        }
      },
      "163": {
        "start": {
          "line": 279,
          "column": 20
        },
        "end": {
          "line": 279,
          "column": 35
        }
      },
      "164": {
        "start": {
          "line": 282,
          "column": 29
        },
        "end": {
          "line": 298,
          "column": 17
        }
      },
      "165": {
        "start": {
          "line": 299,
          "column": 16
        },
        "end": {
          "line": 299,
          "column": 31
        }
      },
      "166": {
        "start": {
          "line": 303,
          "column": 4
        },
        "end": {
          "line": 303,
          "column": 15
        }
      },
      "167": {
        "start": {
          "line": 307,
          "column": 17
        },
        "end": {
          "line": 374,
          "column": 1
        }
      },
      "168": {
        "start": {
          "line": 308,
          "column": 20
        },
        "end": {
          "line": 308,
          "column": 56
        }
      },
      "169": {
        "start": {
          "line": 309,
          "column": 12
        },
        "end": {
          "line": 309,
          "column": 36
        }
      },
      "170": {
        "start": {
          "line": 310,
          "column": 15
        },
        "end": {
          "line": 310,
          "column": 16
        }
      },
      "171": {
        "start": {
          "line": 311,
          "column": 18
        },
        "end": {
          "line": 311,
          "column": 20
        }
      },
      "172": {
        "start": {
          "line": 312,
          "column": 19
        },
        "end": {
          "line": 312,
          "column": 21
        }
      },
      "173": {
        "start": {
          "line": 313,
          "column": 16
        },
        "end": {
          "line": 313,
          "column": 18
        }
      },
      "174": {
        "start": {
          "line": 314,
          "column": 4
        },
        "end": {
          "line": 318,
          "column": 5
        }
      },
      "175": {
        "start": {
          "line": 315,
          "column": 8
        },
        "end": {
          "line": 315,
          "column": 30
        }
      },
      "176": {
        "start": {
          "line": 316,
          "column": 8
        },
        "end": {
          "line": 316,
          "column": 37
        }
      },
      "177": {
        "start": {
          "line": 317,
          "column": 8
        },
        "end": {
          "line": 317,
          "column": 15
        }
      },
      "178": {
        "start": {
          "line": 319,
          "column": 4
        },
        "end": {
          "line": 323,
          "column": 5
        }
      },
      "179": {
        "start": {
          "line": 320,
          "column": 8
        },
        "end": {
          "line": 320,
          "column": 29
        }
      },
      "180": {
        "start": {
          "line": 321,
          "column": 8
        },
        "end": {
          "line": 321,
          "column": 36
        }
      },
      "181": {
        "start": {
          "line": 322,
          "column": 8
        },
        "end": {
          "line": 322,
          "column": 15
        }
      },
      "182": {
        "start": {
          "line": 324,
          "column": 4
        },
        "end": {
          "line": 328,
          "column": 5
        }
      },
      "183": {
        "start": {
          "line": 325,
          "column": 8
        },
        "end": {
          "line": 325,
          "column": 27
        }
      },
      "184": {
        "start": {
          "line": 326,
          "column": 8
        },
        "end": {
          "line": 326,
          "column": 34
        }
      },
      "185": {
        "start": {
          "line": 327,
          "column": 8
        },
        "end": {
          "line": 327,
          "column": 15
        }
      },
      "186": {
        "start": {
          "line": 329,
          "column": 4
        },
        "end": {
          "line": 333,
          "column": 5
        }
      },
      "187": {
        "start": {
          "line": 330,
          "column": 8
        },
        "end": {
          "line": 330,
          "column": 27
        }
      },
      "188": {
        "start": {
          "line": 331,
          "column": 8
        },
        "end": {
          "line": 331,
          "column": 40
        }
      },
      "189": {
        "start": {
          "line": 332,
          "column": 8
        },
        "end": {
          "line": 332,
          "column": 15
        }
      },
      "190": {
        "start": {
          "line": 334,
          "column": 4
        },
        "end": {
          "line": 349,
          "column": 5
        }
      },
      "191": {
        "start": {
          "line": 336,
          "column": 12
        },
        "end": {
          "line": 336,
          "column": 85
        }
      },
      "192": {
        "start": {
          "line": 337,
          "column": 12
        },
        "end": {
          "line": 337,
          "column": 18
        }
      },
      "193": {
        "start": {
          "line": 339,
          "column": 12
        },
        "end": {
          "line": 339,
          "column": 129
        }
      },
      "194": {
        "start": {
          "line": 340,
          "column": 12
        },
        "end": {
          "line": 340,
[...]
          },
          "end": {
            "line": 35,
            "column": 3
          }
        },
        "line": 22
      },
      "2": {
        "name": "(anonymous_2)",
        "decl": {
          "start": {
            "line": 23,
            "column": 29
          },
          "end": {
            "line": 23,
            "column": 30
          }
        },
        "loc": {
          "start": {
            "line": 23,
            "column": 52
          },
          "end": {
            "line": 34,
            "column": 5
          }
        },
        "line": 23
      },
      "3": {
        "name": "(anonymous_3)",
        "decl": {
          "start": {
            "line": 38,
            "column": 16
          },
          "end": {
            "line": 38,
            "column": 17
          }
        },
        "loc": {
          "start": {
            "line": 38,
            "column": 43
          },
          "end": {
            "line": 49,
            "column": 3
          }
        },
        "line": 38
      },
      "4": {
        "name": "(anonymous_4)",
        "decl": {
          "start": {
            "line": 50,
            "column": 17
          },
          "end": {
            "line": 50,
            "column": 18
          }
        },
        "loc": {
          "start": {
            "line": 50,
            "column": 29
          },
          "end": {
            "line": 58,
            "column": 3
          }
        },
        "line": 50
      },
      "5": {
        "name": "(anonymous_5)",
        "decl": {
          "start": {
            "line": 61,
            "column": 25
          },
          "end": {
            "line": 61,
            "column": 26
          }
        },
        "loc": {
          "start": {
            "line": 61,
            "column": 37
          },
          "end": {
            "line": 65,
            "column": 3
          }
        },
        "line": 61
      },
      "6": {
        "name": "(anonymous_6)",
        "decl": {
          "start": {
            "line": 67,
            "column": 17
          },
          "end": {
            "line": 67,
            "column": 18
          }
        },
        "loc": {
          "start": {
            "line": 67,
            "column": 71
          },
          "end": {
            "line": 74,
            "column": 3
          }
        },
        "line": 67
      },
      "7": {
        "name": "(anonymous_7)",
        "decl": {
          "start": {
            "line": 78,
            "column": 28
          },
          "end": {
            "line": 78,
            "column": 29
          }
        },
        "loc": {
          "start": {
            "line": 78,
            "column": 35
          },
          "end": {
            "line": 84,
            "column": 3
          }
        },
        "line": 78
      },
      "8": {
        "name": "(anonymous_8)",
        "decl": {
          "start": {
            "line": 86,
            "column": 21
          },
          "end": {
            "line": 86,
            "column": 22
          }
        },
        "loc": {
          "start": {
            "line": 86,
            "column": 37
          },
          "end": {
            "line": 93,
            "column": 3
          }
        },
        "line": 86
      },
      "9": {
        "name": "(anonymous_9)",
        "decl": {
          "start": {
            "line": 95,
            "column": 20
          },
          "end": {
            "line": 95,
            "column": 21
          }
        },
        "loc": {
          "start": {
            "line": 95,
            "column": 35
          },
          "end": {
            "line": 103,
            "column": 3
          }
        },
        "line": 95
      },
      "10": {
        "name": "(anonymous_10)",
        "decl": {
          "start": {
            "line": 105,
            "column": 27
          },
          "end": {
            "line": 105,
            "column": 28
          }
        },
        "loc": {
          "start": {
            "line": 105,
            "column": 49
          },
          "end": {
            "line": 113,
            "column": 3
          }
        },
        "line": 105
      }
    },
    "branchMap": {
      "0": {
        "loc": {
          "start": {
            "line": 24,
            "column": 6
          },
          "end": {
            "line": 33,
            "column": 7
          }
        },
        "type": "if",
        "locations": [
          {
            "start": {
              "line": 24,
              "column": 6
            },
            "end": {
              "line": 33,
              "column": 7
            }
          },
          {
            "start": {
              "line": 24,
              "column": 6
            },
            "end": {
              "line": 33,
              "column": 7
            }
          }
        ],
        "line": 24
      },
      "1": {
        "loc": {
          "start": {
            "line": 26,
            "column": 10
          },
          "end": {
            "line": 29,
            "column": 11
          }
        },
        "type": "if",
        "locations": [
          {
            "start": {
              "line": 26,
              "column": 10
            },
            "end": {
              "line": 29,
              "column": 11
            }
          },
          {
            "start": {
              "line": 26,
              "column": 10
            },
            "end": {
              "line": 29,
              "column": 11
            }
          }
        ],
        "line": 26
      },
      "2": {
        "loc": {
          "start": {
            "line": 126,
            "column": 43
          },
          "end": {
            "line": 126,
            "column": 111
          }
        },
        "type": "cond-expr",
        "locations": [
          {
            "start": {
              "line": 126,
              "column": 54
            },
            "end": {
              "line": 126,
              "column": 81
            }
          },
          {
            "start": {
              "line": 126,
              "column": 84
            },
            "end": {
              "line": 126,
              "column": 111
            }
          }
        ],
        "line": 126
      },
      "3": {
        "loc": {
          "start": {
            "line": 129,
            "column": 15
          },
          "end": {
            "line": 129,
            "column": 187
          }
        },
        "type": "binary-expr",
        "locations": [
          {
            "start": {
              "line": 129,
              "column": 15
            },
            "end": {
              "line": 129,
              "column": 23
            }
          },
          {
            "start": {
              "line": 129,
              "column": 27
            },
            "end": {
              "line": 129,
              "column": 187
            }
          }
        ],
        "line": 129
      },
      "4": {
        "loc": {
          "start": {
            "line": 131,
            "column": 16
          },
          "end": {
            "line": 143,
            "column": 17
          }
        },
        "type": "binary-expr",
        "locations": [
          {
            "start": {
              "line": 131,
              "column": 16
            },
            "end": {
              "line": 131,
              "column": 24
            }
          },
          {
            "start": {
              "line": 132,
              "column": 14
            },
            "end": {
              "line": 143,
              "column": 17
            }
          }
        ],
        "line": 131
      },
      "5": {
        "loc": {
          "start": {
            "line": 133,
            "column": 46
          },
          "end": {
            "line": 133,
            "column": 154
          }
        },
        "type": "cond-expr",
        "locations": [
          {
            "start": {
              "line": 133,
              "column": 94
            },
            "end": {
              "line": 133,
              "column": 132
            }
          },
          {
            "start": {
              "line": 133,
              "column": 135
            },
            "end": {
              "line": 133,
              "column": 154
            }
          }
        ],
        "line": 133
      },
      "6": {
        "loc": {
          "start": {
            "line": 134,
            "column": 45
          },
          "end": {
            "line": 134,
            "column": 165
          }
        },
        "type": "cond-expr",
        "locations": [
          {
            "start": {
              "line": 134,
              "column": 93
            },
            "end": {
              "line": 134,
              "column": 143
            }
          },
          {
            "start": {
              "line": 134,
              "column": 146
            },
            "end": {
              "line": 134,
              "column": 165
            }
          }
        ],
        "line": 134
      },
      "7": {
        "loc": {
          "start": {
            "line": 135,
            "column": 44
          },
          "end": {
            "line": 135,
            "column": 149
          }
        },
        "type": "cond-expr",
        "locations": [
          {
            "start": {
              "line": 135,
              "column": 92
            },
            "end": {
              "line": 135,
              "column": 127
            }
          },
          {
            "start": {
              "line": 135,
              "column": 130
            },
            "end": {
              "line": 135,
              "column": 149
            }
          }
        ],
        "line": 135
      },
      "8": {
        "loc": {
          "start": {
            "line": 136,
            "column": 48
          },
          "end": {
            "line": 136,
            "column": 140
          }
        },
        "type": "cond-expr",
        "locations": [
          {
            "start": {
              "line": 136,
              "column": 96
            },
            "end": {
              "line": 136,
              "column": 118
            }
          },
          {
            "start": {
              "line": 136,
              "column": 121
            },
            "end": {
              "line": 136,
              "column": 140
            }
          }
        ],
        "line": 136
      },
      "9": {
        "loc": {
          "start": {
            "line": 137,
            "column": 48
          },
          "end": {
            "line": 137,
            "column": 136
          }
        },
        "type": "cond-expr",
        "locations": [
          {
            "start": {
              "line": 137,
              "column": 96
            },
            "end": {
              "line": 137,
              "column": 114
            }
          },
          {
            "start": {
              "line": 137,
              "column": 117
            },
            "end": {
              "line": 137,
              "column": 136
            }
          }
        ],
        "line": 137
      },
      "10": {
        "loc": {
          "start": {
            "line": 140,
            "column": 51
          },
          "end": {
            "line": 140,
            "column": 139
          }
        },
        "type": "cond-expr",
        "locations": [
          {
            "start": {
              "line": 140,
              "column": 98
            },
            "end": {
              "line": 140,
              "column": 117
            }
          },
          {
            "start": {
              "line": 140,
              "column": 120
            },
            "end": {
              "line": 140,
              "column": 139
            }
          }
        ],
        "line": 140
      },
      "11": {
        "loc": {
          "start": {
            "line": 142,
            "column": 45
          },
          "end": {
            "line": 142,
            "column": 126
          }
        },
        "type": "cond-expr",
        "locations": [
          {
            "start": {
              "line": 142,
              "column": 89
            },
            "end": {
              "line": 142,
              "column": 104
            }
          },
          {
            "start": {
              "line": 142,
              "column": 107
            },
            "end": {
              "line": 142,
              "column": 126
            }
          }
        ],
        "line": 142
      }
    },
    "s": {
      "0": 371,
      "1": 356,
      "2": 356,
      "3": 356,
      "4": 190,
      "5": 300,
      "6": 106,
      "7": 106,
      "8": 106,
      "9": 104,
      "10": 0,
      "11": 356,
      "12": 37,
      "13": 37,
      "14": 32,
      "15": 32,
      "16": 4,
      "17": 4,
      "18": 4,
      "19": 4,
      "20": 356,
      "21": 30,
      "22": 30,
      "23": 29,
      "24": 29,
      "25": 0,
      "26": 356,
      "27": 0,
      "28": 0,
      "29": 0,
      "30": 356,
      "31": 0,
      "32": 0,
      "33": 0,
      "34": 0,
      "35": 356,
      "36": 356,
      "37": 356,
      "38": 1,
      "39": 1,
      "40": 0,
      "41": 0,
      "42": 356,
      "43": 1,
      "44": 1,
      "45": 1,
      "46": 0,
      "47": 0,
      "48": 356,
      "49": 1,
      "50": 1,
      "51": 1,
      "52": 0,
      "53": 0,
      "54": 356
    },
    "f": {
      "0": 371,
      "1": 190,
      "2": 300,
      "3": 37,
      "4": 30,
      "5": 0,
      "6": 0,
      "7": 356,
      "8": 1,
      "9": 1,
      "10": 1
    },
    "b": {
      "0": [
        106,
        194
      ],
      "1": [
        106,
        0
      ],
      "2": [
        104,
        252
      ],
      "3": [
        356,
        104
      ],
      "4": [
        356,
        104
      ],
      "5": [
        46,
        58
      ],
      "6": [
        46,
        58
      ],
      "7": [
        46,
        58
      ],
      "8": [
        46,
        58
      ],
      "9": [
        46,
        58
      ],
      "10": [
        2,
        102
      ],
      "11": [
        10,
        94
      ]
    },
    "_coverageSchema": "1a1c01bbd47fc00a2c39e90264f33305004495a9",
    "hash": "42e985faa893ec983da099d001076069c1fe732d"
  },
  "C:\\Users\\eelie\\Documents\\Polito_master\\Software_Engineering_2\\HikeTracker\\project\\HikeTracker_04\\client\\src\\reportWebVitals.js": {
    "path": "C:\\Users\\eelie\\Documents\\Polito_master\\Software_Engineering_2\\HikeTracker\\project\\HikeTracker_04\\client\\src\\reportWebVitals.js",
    "statementMap": {
      "0": {
        "start": {
          "line": 1,
          "column": 24
        },
        "end": {
          "line": 11,
          "column": 1
        }
      },
      "1": {
        "start": {
          "line": 2,
          "column": 2
        },
        "end": {
          "line": 10,
          "column": 3
        }
      },
      "2": {
        "start": {
          "line": 3,
          "column": 4
        },
        "end": {
          "line": 9,
          "column": 7
        }
      },
      "3": {
        "start": {
          "line": 4,
          "column": 6
        },
        "end": {
          "line": 4,
          "column": 26
        }
      },
      "4": {
        "start": {
          "line": 5,
          "column": 6
        },
        "end": {
          "line": 5,
          "column": 26
        }
      },
      "5": {
        "start": {
          "line": 6,
          "column": 6
        },
        "end": {
          "line": 6,
          "column": 26
        }
      },
      "6": {
        "start": {
          "line": 7,
          "column": 6
        },
        "end": {
          "line": 7,
          "column": 26
        }
      },
      "7": {
        "start": {
          "line": 8,
          "column": 6
        },
        "end": {
          "line": 8,
          "column": 27
        }
      }
    },
    "fnMap": {
      "0": {
        "name": "(anonymous_0)",
        "decl": {
          "start": {
            "line": 1,
            "column": 24
          },
          "end": {
            "line": 1,
            "column": 25
          }
        },
        "loc": {
          "start": {
            "line": 1,
            "column": 39
          },
          "end": {
            "line": 11,
            "column": 1
          }
        },
        "line": 1
      },
      "1": {
        "name": "(anonymous_1)",
        "decl": {
          "start": {
            "line": 3,
            "column": 30
          },
          "end": {
            "line": 3,
            "column": 31
          }
        },
        "loc": {
          "start": {
            "line": 3,
            "column": 79
          },
          "end": {
            "line": 9,
            "column": 5
          }
        },
        "line": 3
      }
    },
    "branchMap": {
      "0": {
        "loc": {
          "start": {
            "line": 2,
            "column": 2
          },
          "end": {
            "line": 10,
            "column": 3
          }
        },
        "type": "if",
        "locations": [
          {
            "start": {
              "line": 2,
              "column": 2
            },
            "end": {
              "line": 10,
              "column": 3
            }
          },
          {
            "start": {
              "line": 2,
              "column": 2
            },
            "end": {
              "line": 10,
              "column": 3
            }
          }
        ],
        "line": 2
      },
      "1": {
        "loc": {
          "start": {
            "line": 2,
            "column": 6
          },
          "end": {
            "line": 2,
            "column": 52
          }
        },
        "type": "binary-expr",
        "locations": [
          {
            "start": {
              "line": 2,
              "column": 6
            },
            "end": {
              "line": 2,
              "column": 17
            }
          },
          {
            "start": {
              "line": 2,
              "column": 21
            },
            "end": {
              "line": 2,
              "column": 52
            }
          }
        ],
        "line": 2
      }
    },
    "s": {
      "0": 97,
      "1": 97,
      "2": 0,
      "3": 0,
      "4": 0,
      "5": 0,
      "6": 0,
      "7": 0
    },
    "f": {
      "0": 97,
      "1": 0
    },
    "b": {
      "0": [
        0,
        97
      ],
      "1": [
        97,
        0
      ]
    },
    "_coverageSchema": "1a1c01bbd47fc00a2c39e90264f33305004495a9",
    "hash": "7426753c19add3bab4e9e1ed49b5a29162b6aada"
  },
  "C:\\Users\\eelie\\Documents\\Polito_master\\Software_Engineering_2\\HikeTracker\\project\\HikeTracker_04\\client\\src\\index.js": {
    "path": "C:\\Users\\eelie\\Documents\\Polito_master\\Software_Engineering_2\\HikeTracker\\project\\HikeTracker_04\\client\\src\\index.js",
    "statementMap": {
      "0": {
        "start": {
          "line": 7,
          "column": 13
        },
        "end": {
          "line": 7,
          "column": 65
        }
      },
      "1": {
        "start": {
          "line": 8,
          "column": 0
        },
        "end": {
          "line": 12,
          "column": 2
        }
      },
      "2": {
        "start": {
          "line": 17,
          "column": 0
        },
        "end": {
          "line": 17,
          "column": 18
        }
      }
    },
    "fnMap": {},
    "branchMap": {},
    "s": {
      "0": 97,
      "1": 97,
      "2": 97
    },
    "f": {},
    "b": {},
    "_coverageSchema": "1a1c01bbd47fc00a2c39e90264f33305004495a9",
    "hash": "64c43f6f6901f75ed1e90bdc692cd2b80544775e"
  }
}